
heart_beat_kill_pid = 81333
heart_beat_timeout = 11
heart: Thu May 29 16:45:37 2014: heart-beat time-out, no activity for 75 seconds
/usr/local/Cellar/couchdb/1.5.1/bin/couchdb: line 336: echo: write error: Broken pipe
heart: Thu May 29 16:46:18 2014: Executed "/usr/local/Cellar/couchdb/1.5.1/bin/couchdb -k" -> 256. Terminating.

heart_beat_kill_pid = 88329
heart_beat_timeout = 11
heart: Thu May 29 19:04:59 2014: heart-beat time-out, no activity for 69 seconds
/usr/local/Cellar/couchdb/1.5.1/bin/couchdb: line 336: echo: write error: Broken pipe
heart: Thu May 29 19:35:31 2014: Executed "/usr/local/Cellar/couchdb/1.5.1/bin/couchdb -k" -> 256. Terminating.

heart_beat_kill_pid = 93680
heart_beat_timeout = 11

heart_beat_kill_pid = 43773
heart_beat_timeout = 11
heart: Fri May 30 15:26:45 2014: Erlang has closed.
/usr/local/Cellar/couchdb/1.5.1/bin/couchdb: line 336: echo: write error: Broken pipe
heart: Fri May 30 15:26:45 2014: Executed "/usr/local/Cellar/couchdb/1.5.1/bin/couchdb -k" -> 256. Terminating.

heart_beat_kill_pid = 43928
heart_beat_timeout = 11
heart: Fri May 30 20:40:00 2014: heart-beat time-out, no activity for 57 seconds
/usr/local/Cellar/couchdb/1.5.1/bin/couchdb: line 336: echo: write error: Broken pipe
heart: Fri May 30 21:13:19 2014: Executed "/usr/local/Cellar/couchdb/1.5.1/bin/couchdb -k" -> 256. Terminating.

heart_beat_kill_pid = 58326
heart_beat_timeout = 11
heart: Sat May 31 09:14:42 2014: heart-beat time-out, no activity for 69 seconds
/usr/local/Cellar/couchdb/1.5.1/bin/couchdb: line 336: echo: write error: Broken pipe
heart: Sun Jun  1 12:31:41 2014: Executed "/usr/local/Cellar/couchdb/1.5.1/bin/couchdb -k" -> 256. Terminating.

heart_beat_kill_pid = 593
heart_beat_timeout = 11
heart: Sun Jun  1 21:31:54 2014: Erlang has closed.
/usr/local/Cellar/couchdb/1.5.1/bin/couchdb: line 336: echo: write error: Broken pipe
heart: Sun Jun  1 21:31:55 2014: Executed "/usr/local/Cellar/couchdb/1.5.1/bin/couchdb -k" -> 256. Terminating.

heart_beat_kill_pid = 9744
heart_beat_timeout = 11
heart: Mon Jun  2 20:50:59 2014: heart-beat time-out, no activity for 71 seconds
/usr/local/Cellar/couchdb/1.5.1/bin/couchdb: line 336: echo: write error: Broken pipe
heart: Mon Jun  2 21:23:10 2014: Executed "/usr/local/Cellar/couchdb/1.5.1/bin/couchdb -k" -> 256. Terminating.

heart_beat_kill_pid = 10947
heart_beat_timeout = 11
heart: Mon Jun  2 21:52:29 2014: heart-beat time-out, no activity for 74 seconds
/usr/local/Cellar/couchdb/1.5.1/bin/couchdb: line 336: echo: write error: Broken pipe
heart: Mon Jun  2 22:34:25 2014: Executed "/usr/local/Cellar/couchdb/1.5.1/bin/couchdb -k" -> 256. Terminating.

heart_beat_kill_pid = 12032
heart_beat_timeout = 11
heart: Tue Jun  3 07:00:28 2014: heart-beat time-out, no activity for 27 seconds
/usr/local/Cellar/couchdb/1.5.1/bin/couchdb: line 336: echo: write error: Broken pipe
heart: Tue Jun  3 07:00:30 2014: Executed "/usr/local/Cellar/couchdb/1.5.1/bin/couchdb -k" -> 256. Terminating.

heart_beat_kill_pid = 30737
heart_beat_timeout = 11
heart: Wed Jun  4 07:03:02 2014: heart-beat time-out, no activity for 55 seconds
/usr/local/Cellar/couchdb/1.5.1/bin/couchdb: line 336: echo: write error: Broken pipe
heart: Wed Jun  4 07:07:58 2014: Executed "/usr/local/Cellar/couchdb/1.5.1/bin/couchdb -k" -> 256. Terminating.

heart_beat_kill_pid = 63841
heart_beat_timeout = 11
heart: Wed Jun  4 23:14:34 2014: Erlang has closed.
/usr/local/Cellar/couchdb/1.5.1/bin/couchdb: line 336: echo: write error: Broken pipe
heart: Wed Jun  4 23:14:35 2014: Executed "/usr/local/Cellar/couchdb/1.5.1/bin/couchdb -k" -> 256. Terminating.

heart_beat_kill_pid = 480
heart_beat_timeout = 11
heart: Fri Jun  6 15:10:24 2014: Erlang has closed.
/usr/local/Cellar/couchdb/1.5.1/bin/couchdb: line 336: echo: write error: Broken pipe
heart: Fri Jun  6 15:10:25 2014: Executed "/usr/local/Cellar/couchdb/1.5.1/bin/couchdb -k" -> 256. Terminating.

heart_beat_kill_pid = 784
heart_beat_timeout = 11
heart: Fri Jun  6 15:17:03 2014: Erlang has closed.
/usr/local/Cellar/couchdb/1.5.1/bin/couchdb: line 336: echo: write error: Broken pipe
heart: Fri Jun  6 15:17:04 2014: Executed "/usr/local/Cellar/couchdb/1.5.1/bin/couchdb -k" -> 256. Terminating.

heart_beat_kill_pid = 392
heart_beat_timeout = 11
heart: Sat Jun  7 01:52:14 2014: Erlang has closed.
/usr/local/Cellar/couchdb/1.5.1/bin/couchdb: line 336: echo: write error: Broken pipe
heart: Sat Jun  7 01:52:15 2014: Executed "/usr/local/Cellar/couchdb/1.5.1/bin/couchdb -k" -> 256. Terminating.

heart_beat_kill_pid = 14965
heart_beat_timeout = 11
heart: Sun Jun  8 13:25:16 2014: heart-beat time-out, no activity for 53 seconds
/usr/local/Cellar/couchdb/1.5.1/bin/couchdb: line 336: echo: write error: Broken pipe
heart: Sun Jun  8 13:25:17 2014: Executed "/usr/local/Cellar/couchdb/1.5.1/bin/couchdb -k" -> 256. Terminating.

heart_beat_kill_pid = 69468
heart_beat_timeout = 11
